{"name": "test_bing_search[chromium]", "status": "failed", "statusDetails": {"message": "AssertionError: Page title expected to be 'Bing1234'\nActual value: Search - Microsoft Bing \nCall log:\n  - Expect \"to_have_title\" with timeout 5000ms\n    9 × unexpected value \"Search - Microsoft Bing\"", "trace": "page = <Page url='https://www.bing.com/'>\n\n    def test_bing_search(page):\n        page.goto(\"https://www.bing.com/\")\n>       expect(page).to_have_title(\"Bing1234\")  #Intensionally failed\n        ^^^^^^^^^^^^^^^^^^^^^^^^^^^^^^^^^^^^^^\nE       AssertionError: Page title expected to be 'Bing1234'\nE       Actual value: Search - Microsoft Bing \nE       Call log:\nE         - Expect \"to_have_title\" with timeout 5000ms\nE           9 × unexpected value \"Search - Microsoft Bing\"\n\nDay_34\\sample_test.py:21: AssertionError"}, "parameters": [{"name": "browser_name", "value": "'chromium'"}], "start": 1764315037936, "stop": 1764315043624, "uuid": "193bc5d0-d2a0-42b4-97b4-00d75365ae3a", "historyId": "0daa2b2571712f267a8aeaac3f3edc04", "testCaseId": "08de5d214d0228b1caec7483dace148c", "fullName": "Day_34.sample_test#test_bing_search", "labels": [{"name": "parentSuite", "value": "Day_34"}, {"name": "suite", "value": "sample_test"}, {"name": "host", "value": "LAPTOP-MAVJF2DT"}, {"name": "thread", "value": "11008-MainThread"}, {"name": "framework", "value": "pytest"}, {"name": "language", "value": "cpython3"}, {"name": "package", "value": "Day_34.sample_test"}], "titlePath": ["Day_34", "sample_test.py"]}